{
  "uid" : "776b5ffde4ee3a4f",
  "name" : "test_delete_article",
  "fullName" : "vizsgaremek.test_conduit_logged_in.Test_Conduit_Logged_In#test_delete_article",
  "historyId" : "11cff2c962286171ab453a99c2f7b263",
  "time" : {
    "start" : 1628718317138,
    "stop" : 1628718329297,
    "duration" : 12159
  },
  "status" : "broken",
  "statusMessage" : "selenium.common.exceptions.TimeoutException: Message:",
  "statusTrace" : "self = <test_conduit_logged_in.Test_Conduit_Logged_In object at 0x7f9acefa51c0>\n\n    def test_delete_article(self):\n        self.homepage.profile_button.click()\n        profile_page = ProfilePage(self.browser)\n        profile_page.article_list[0].click()\n        article_page = ArticlePage(self.browser)\n>       article_page.delete_button.find()\n\nvizsgaremek/test_conduit_logged_in.py:105: \n_ _ _ _ _ _ _ _ _ _ _ _ _ _ _ _ _ _ _ _ _ _ _ _ _ _ _ _ _ _ _ _ _ _ _ _ _ _ _ _ \nvizsgaremek/pages/article_page.py:14: in delete_button\n    return BaseElement(driver=self.driver, by=By.XPATH, value=\"//*[contains(text(), 'Delete')]\")\nvizsgaremek/pages/base_element.py:12: in __init__\n    self.find()\nvizsgaremek/pages/base_element.py:15: in find\n    element = WebDriverWait(\n_ _ _ _ _ _ _ _ _ _ _ _ _ _ _ _ _ _ _ _ _ _ _ _ _ _ _ _ _ _ _ _ _ _ _ _ _ _ _ _ \n\nself = <selenium.webdriver.support.wait.WebDriverWait (session=\"dc3026726345eebd2eab58c658aeec6c\")>\nmethod = <selenium.webdriver.support.expected_conditions.visibility_of_element_located object at 0x7f9aceff93d0>\nmessage = ''\n\n    def until(self, method, message=''):\n        \"\"\"Calls the method provided with the driver as an argument until the \\\n        return value is not False.\"\"\"\n        screen = None\n        stacktrace = None\n    \n        end_time = time.time() + self._timeout\n        while True:\n            try:\n                value = method(self._driver)\n                if value:\n                    return value\n            except self._ignored_exceptions as exc:\n                screen = getattr(exc, 'screen', None)\n                stacktrace = getattr(exc, 'stacktrace', None)\n            time.sleep(self._poll)\n            if time.time() > end_time:\n                break\n>       raise TimeoutException(message, screen, stacktrace)\nE       selenium.common.exceptions.TimeoutException: Message:\n\n/opt/hostedtoolcache/Python/3.9.5/x64/lib/python3.9/site-packages/selenium/webdriver/support/wait.py:80: TimeoutException",
  "flaky" : false,
  "newFailed" : false,
  "beforeStages" : [ {
    "name" : "xunit_setup_method_fixture_Test_Conduit_Logged_In",
    "time" : {
      "start" : 1628718315219,
      "stop" : 1628718317137,
      "duration" : 1918
    },
    "status" : "passed",
    "steps" : [ ],
    "attachments" : [ ],
    "parameters" : [ ],
    "stepsCount" : 0,
    "attachmentsCount" : 0,
    "shouldDisplayMessage" : false,
    "hasContent" : false
  } ],
  "testStage" : {
    "status" : "broken",
    "statusMessage" : "selenium.common.exceptions.TimeoutException: Message:",
    "statusTrace" : "self = <test_conduit_logged_in.Test_Conduit_Logged_In object at 0x7f9acefa51c0>\n\n    def test_delete_article(self):\n        self.homepage.profile_button.click()\n        profile_page = ProfilePage(self.browser)\n        profile_page.article_list[0].click()\n        article_page = ArticlePage(self.browser)\n>       article_page.delete_button.find()\n\nvizsgaremek/test_conduit_logged_in.py:105: \n_ _ _ _ _ _ _ _ _ _ _ _ _ _ _ _ _ _ _ _ _ _ _ _ _ _ _ _ _ _ _ _ _ _ _ _ _ _ _ _ \nvizsgaremek/pages/article_page.py:14: in delete_button\n    return BaseElement(driver=self.driver, by=By.XPATH, value=\"//*[contains(text(), 'Delete')]\")\nvizsgaremek/pages/base_element.py:12: in __init__\n    self.find()\nvizsgaremek/pages/base_element.py:15: in find\n    element = WebDriverWait(\n_ _ _ _ _ _ _ _ _ _ _ _ _ _ _ _ _ _ _ _ _ _ _ _ _ _ _ _ _ _ _ _ _ _ _ _ _ _ _ _ \n\nself = <selenium.webdriver.support.wait.WebDriverWait (session=\"dc3026726345eebd2eab58c658aeec6c\")>\nmethod = <selenium.webdriver.support.expected_conditions.visibility_of_element_located object at 0x7f9aceff93d0>\nmessage = ''\n\n    def until(self, method, message=''):\n        \"\"\"Calls the method provided with the driver as an argument until the \\\n        return value is not False.\"\"\"\n        screen = None\n        stacktrace = None\n    \n        end_time = time.time() + self._timeout\n        while True:\n            try:\n                value = method(self._driver)\n                if value:\n                    return value\n            except self._ignored_exceptions as exc:\n                screen = getattr(exc, 'screen', None)\n                stacktrace = getattr(exc, 'stacktrace', None)\n            time.sleep(self._poll)\n            if time.time() > end_time:\n                break\n>       raise TimeoutException(message, screen, stacktrace)\nE       selenium.common.exceptions.TimeoutException: Message:\n\n/opt/hostedtoolcache/Python/3.9.5/x64/lib/python3.9/site-packages/selenium/webdriver/support/wait.py:80: TimeoutException",
    "steps" : [ ],
    "attachments" : [ {
      "uid" : "34286694f53955e3",
      "name" : "log",
      "source" : "34286694f53955e3.txt",
      "type" : "text/plain",
      "size" : 344
    }, {
      "uid" : "47ea260c0683a761",
      "name" : "stderr",
      "source" : "47ea260c0683a761.txt",
      "type" : "text/plain",
      "size" : 215
    } ],
    "parameters" : [ ],
    "stepsCount" : 0,
    "attachmentsCount" : 2,
    "shouldDisplayMessage" : true,
    "hasContent" : true
  },
  "afterStages" : [ {
    "name" : "xunit_setup_method_fixture_Test_Conduit_Logged_In::0",
    "time" : {
      "start" : 1628718329307,
      "stop" : 1628718329374,
      "duration" : 67
    },
    "status" : "passed",
    "steps" : [ ],
    "attachments" : [ ],
    "parameters" : [ ],
    "stepsCount" : 0,
    "attachmentsCount" : 0,
    "shouldDisplayMessage" : false,
    "hasContent" : false
  } ],
  "labels" : [ {
    "name" : "parentSuite",
    "value" : "vizsgaremek"
  }, {
    "name" : "suite",
    "value" : "test_conduit_logged_in"
  }, {
    "name" : "subSuite",
    "value" : "Test_Conduit_Logged_In"
  }, {
    "name" : "host",
    "value" : "fv-az28-351"
  }, {
    "name" : "thread",
    "value" : "4433-MainThread"
  }, {
    "name" : "framework",
    "value" : "pytest"
  }, {
    "name" : "language",
    "value" : "cpython3"
  }, {
    "name" : "package",
    "value" : "vizsgaremek.test_conduit_logged_in"
  }, {
    "name" : "resultFormat",
    "value" : "allure2"
  } ],
  "parameters" : [ ],
  "links" : [ ],
  "hidden" : false,
  "retry" : false,
  "extra" : {
    "severity" : "normal",
    "retries" : [ ],
    "categories" : [ {
      "name" : "Test defects",
      "matchedStatuses" : [ ],
      "flaky" : false
    } ],
    "tags" : [ ]
  },
  "source" : "776b5ffde4ee3a4f.json",
  "parameterValues" : [ ]
}