{
  "uid" : "a9e4b81634307770",
  "name" : "test_change_article",
  "fullName" : "vizsgaremek.test_conduit_logged_in.Test_Conduit_Logged_In#test_change_article",
  "historyId" : "bc0523a315e99e18151a0a418e47e932",
  "time" : {
    "start" : 1628718296124,
    "stop" : 1628718308793,
    "duration" : 12669
  },
  "status" : "broken",
  "statusMessage" : "selenium.common.exceptions.TimeoutException: Message:",
  "statusTrace" : "self = <test_conduit_logged_in.Test_Conduit_Logged_In object at 0x7f9acf034dc0>\n\n    def test_change_article(self):\n        self.homepage.profile_button.click()\n        profile_page = ProfilePage(self.browser)\n        self.homepage.article_list[0].click()\n        article_page = ArticlePage(self.browser)\n        txt_to_change = article_page.main_textfield.text()\n>       article_page.edit_button.find()\n\nvizsgaremek/test_conduit_logged_in.py:80: \n_ _ _ _ _ _ _ _ _ _ _ _ _ _ _ _ _ _ _ _ _ _ _ _ _ _ _ _ _ _ _ _ _ _ _ _ _ _ _ _ \nvizsgaremek/pages/article_page.py:10: in edit_button\n    return BaseElement(driver=self.driver, by=By.XPATH, value=\"//*[contains(text(), 'Edit')]\")\nvizsgaremek/pages/base_element.py:12: in __init__\n    self.find()\nvizsgaremek/pages/base_element.py:15: in find\n    element = WebDriverWait(\n_ _ _ _ _ _ _ _ _ _ _ _ _ _ _ _ _ _ _ _ _ _ _ _ _ _ _ _ _ _ _ _ _ _ _ _ _ _ _ _ \n\nself = <selenium.webdriver.support.wait.WebDriverWait (session=\"51858c9f197f2178eaba381a0fd82b84\")>\nmethod = <selenium.webdriver.support.expected_conditions.visibility_of_element_located object at 0x7f9acf02c1f0>\nmessage = ''\n\n    def until(self, method, message=''):\n        \"\"\"Calls the method provided with the driver as an argument until the \\\n        return value is not False.\"\"\"\n        screen = None\n        stacktrace = None\n    \n        end_time = time.time() + self._timeout\n        while True:\n            try:\n                value = method(self._driver)\n                if value:\n                    return value\n            except self._ignored_exceptions as exc:\n                screen = getattr(exc, 'screen', None)\n                stacktrace = getattr(exc, 'stacktrace', None)\n            time.sleep(self._poll)\n            if time.time() > end_time:\n                break\n>       raise TimeoutException(message, screen, stacktrace)\nE       selenium.common.exceptions.TimeoutException: Message:\n\n/opt/hostedtoolcache/Python/3.9.5/x64/lib/python3.9/site-packages/selenium/webdriver/support/wait.py:80: TimeoutException",
  "flaky" : false,
  "newFailed" : false,
  "beforeStages" : [ {
    "name" : "xunit_setup_method_fixture_Test_Conduit_Logged_In",
    "time" : {
      "start" : 1628718295189,
      "stop" : 1628718296123,
      "duration" : 934
    },
    "status" : "passed",
    "steps" : [ ],
    "attachments" : [ ],
    "parameters" : [ ],
    "stepsCount" : 0,
    "attachmentsCount" : 0,
    "shouldDisplayMessage" : false,
    "hasContent" : false
  } ],
  "testStage" : {
    "status" : "broken",
    "statusMessage" : "selenium.common.exceptions.TimeoutException: Message:",
    "statusTrace" : "self = <test_conduit_logged_in.Test_Conduit_Logged_In object at 0x7f9acf034dc0>\n\n    def test_change_article(self):\n        self.homepage.profile_button.click()\n        profile_page = ProfilePage(self.browser)\n        self.homepage.article_list[0].click()\n        article_page = ArticlePage(self.browser)\n        txt_to_change = article_page.main_textfield.text()\n>       article_page.edit_button.find()\n\nvizsgaremek/test_conduit_logged_in.py:80: \n_ _ _ _ _ _ _ _ _ _ _ _ _ _ _ _ _ _ _ _ _ _ _ _ _ _ _ _ _ _ _ _ _ _ _ _ _ _ _ _ \nvizsgaremek/pages/article_page.py:10: in edit_button\n    return BaseElement(driver=self.driver, by=By.XPATH, value=\"//*[contains(text(), 'Edit')]\")\nvizsgaremek/pages/base_element.py:12: in __init__\n    self.find()\nvizsgaremek/pages/base_element.py:15: in find\n    element = WebDriverWait(\n_ _ _ _ _ _ _ _ _ _ _ _ _ _ _ _ _ _ _ _ _ _ _ _ _ _ _ _ _ _ _ _ _ _ _ _ _ _ _ _ \n\nself = <selenium.webdriver.support.wait.WebDriverWait (session=\"51858c9f197f2178eaba381a0fd82b84\")>\nmethod = <selenium.webdriver.support.expected_conditions.visibility_of_element_located object at 0x7f9acf02c1f0>\nmessage = ''\n\n    def until(self, method, message=''):\n        \"\"\"Calls the method provided with the driver as an argument until the \\\n        return value is not False.\"\"\"\n        screen = None\n        stacktrace = None\n    \n        end_time = time.time() + self._timeout\n        while True:\n            try:\n                value = method(self._driver)\n                if value:\n                    return value\n            except self._ignored_exceptions as exc:\n                screen = getattr(exc, 'screen', None)\n                stacktrace = getattr(exc, 'stacktrace', None)\n            time.sleep(self._poll)\n            if time.time() > end_time:\n                break\n>       raise TimeoutException(message, screen, stacktrace)\nE       selenium.common.exceptions.TimeoutException: Message:\n\n/opt/hostedtoolcache/Python/3.9.5/x64/lib/python3.9/site-packages/selenium/webdriver/support/wait.py:80: TimeoutException",
    "steps" : [ ],
    "attachments" : [ {
      "uid" : "c255a1f073a981c8",
      "name" : "log",
      "source" : "c255a1f073a981c8.txt",
      "type" : "text/plain",
      "size" : 344
    }, {
      "uid" : "2ed23de9a17f75bb",
      "name" : "stderr",
      "source" : "2ed23de9a17f75bb.txt",
      "type" : "text/plain",
      "size" : 215
    } ],
    "parameters" : [ ],
    "stepsCount" : 0,
    "attachmentsCount" : 2,
    "shouldDisplayMessage" : true,
    "hasContent" : true
  },
  "afterStages" : [ {
    "name" : "xunit_setup_method_fixture_Test_Conduit_Logged_In::0",
    "time" : {
      "start" : 1628718308835,
      "stop" : 1628718308903,
      "duration" : 68
    },
    "status" : "passed",
    "steps" : [ ],
    "attachments" : [ ],
    "parameters" : [ ],
    "stepsCount" : 0,
    "attachmentsCount" : 0,
    "shouldDisplayMessage" : false,
    "hasContent" : false
  } ],
  "labels" : [ {
    "name" : "parentSuite",
    "value" : "vizsgaremek"
  }, {
    "name" : "suite",
    "value" : "test_conduit_logged_in"
  }, {
    "name" : "subSuite",
    "value" : "Test_Conduit_Logged_In"
  }, {
    "name" : "host",
    "value" : "fv-az28-351"
  }, {
    "name" : "thread",
    "value" : "4433-MainThread"
  }, {
    "name" : "framework",
    "value" : "pytest"
  }, {
    "name" : "language",
    "value" : "cpython3"
  }, {
    "name" : "package",
    "value" : "vizsgaremek.test_conduit_logged_in"
  }, {
    "name" : "resultFormat",
    "value" : "allure2"
  } ],
  "parameters" : [ ],
  "links" : [ ],
  "hidden" : false,
  "retry" : false,
  "extra" : {
    "severity" : "normal",
    "retries" : [ ],
    "categories" : [ {
      "name" : "Test defects",
      "matchedStatuses" : [ ],
      "flaky" : false
    } ],
    "tags" : [ ]
  },
  "source" : "a9e4b81634307770.json",
  "parameterValues" : [ ]
}