{
  "uid" : "8c01f1b06c12b768",
  "name" : "test_change_article",
  "fullName" : "vizsgaremek.test_conduit_logged_in.Test_Conduit_Logged_In#test_change_article",
  "historyId" : "bc0523a315e99e18151a0a418e47e932",
  "time" : {
    "start" : 1628679887158,
    "stop" : 1628679900563,
    "duration" : 13405
  },
  "status" : "broken",
  "statusMessage" : "selenium.common.exceptions.TimeoutException: Message:",
  "statusTrace" : "self = <test_conduit_logged_in.Test_Conduit_Logged_In object at 0x7fe6b7280070>\n\n    def test_change_article(self):\n        self.homepage.profile_button.click()\n        profile_page = ProfilePage(self.browser)\n        self.homepage.article_list[0].click()\n        article_page = ArticlePage(self.browser)\n        txt_to_change = article_page.main_textfield.text()\n>       article_page.edit_button.find()\n\nvizsgaremek/test_conduit_logged_in.py:80: \n_ _ _ _ _ _ _ _ _ _ _ _ _ _ _ _ _ _ _ _ _ _ _ _ _ _ _ _ _ _ _ _ _ _ _ _ _ _ _ _ \nvizsgaremek/pages/article_page.py:10: in edit_button\n    return BaseElement(driver=self.driver, by=By.XPATH, value=\"//*[contains(text(), 'Edit')]\")\nvizsgaremek/pages/base_element.py:12: in __init__\n    self.find()\nvizsgaremek/pages/base_element.py:15: in find\n    element = WebDriverWait(\n_ _ _ _ _ _ _ _ _ _ _ _ _ _ _ _ _ _ _ _ _ _ _ _ _ _ _ _ _ _ _ _ _ _ _ _ _ _ _ _ \n\nself = <selenium.webdriver.support.wait.WebDriverWait (session=\"300a428c38093079b0dab6d1b03e762c\")>\nmethod = <selenium.webdriver.support.expected_conditions.visibility_of_element_located object at 0x7fe6b72938e0>\nmessage = ''\n\n    def until(self, method, message=''):\n        \"\"\"Calls the method provided with the driver as an argument until the \\\n        return value is not False.\"\"\"\n        screen = None\n        stacktrace = None\n    \n        end_time = time.time() + self._timeout\n        while True:\n            try:\n                value = method(self._driver)\n                if value:\n                    return value\n            except self._ignored_exceptions as exc:\n                screen = getattr(exc, 'screen', None)\n                stacktrace = getattr(exc, 'stacktrace', None)\n            time.sleep(self._poll)\n            if time.time() > end_time:\n                break\n>       raise TimeoutException(message, screen, stacktrace)\nE       selenium.common.exceptions.TimeoutException: Message:\n\n/opt/hostedtoolcache/Python/3.9.5/x64/lib/python3.9/site-packages/selenium/webdriver/support/wait.py:80: TimeoutException",
  "flaky" : false,
  "newFailed" : false,
  "beforeStages" : [ {
    "name" : "xunit_setup_method_fixture_Test_Conduit_Logged_In",
    "time" : {
      "start" : 1628679884883,
      "stop" : 1628679887156,
      "duration" : 2273
    },
    "status" : "passed",
    "steps" : [ ],
    "attachments" : [ ],
    "parameters" : [ ],
    "stepsCount" : 0,
    "attachmentsCount" : 0,
    "shouldDisplayMessage" : false,
    "hasContent" : false
  } ],
  "testStage" : {
    "status" : "broken",
    "statusMessage" : "selenium.common.exceptions.TimeoutException: Message:",
    "statusTrace" : "self = <test_conduit_logged_in.Test_Conduit_Logged_In object at 0x7fe6b7280070>\n\n    def test_change_article(self):\n        self.homepage.profile_button.click()\n        profile_page = ProfilePage(self.browser)\n        self.homepage.article_list[0].click()\n        article_page = ArticlePage(self.browser)\n        txt_to_change = article_page.main_textfield.text()\n>       article_page.edit_button.find()\n\nvizsgaremek/test_conduit_logged_in.py:80: \n_ _ _ _ _ _ _ _ _ _ _ _ _ _ _ _ _ _ _ _ _ _ _ _ _ _ _ _ _ _ _ _ _ _ _ _ _ _ _ _ \nvizsgaremek/pages/article_page.py:10: in edit_button\n    return BaseElement(driver=self.driver, by=By.XPATH, value=\"//*[contains(text(), 'Edit')]\")\nvizsgaremek/pages/base_element.py:12: in __init__\n    self.find()\nvizsgaremek/pages/base_element.py:15: in find\n    element = WebDriverWait(\n_ _ _ _ _ _ _ _ _ _ _ _ _ _ _ _ _ _ _ _ _ _ _ _ _ _ _ _ _ _ _ _ _ _ _ _ _ _ _ _ \n\nself = <selenium.webdriver.support.wait.WebDriverWait (session=\"300a428c38093079b0dab6d1b03e762c\")>\nmethod = <selenium.webdriver.support.expected_conditions.visibility_of_element_located object at 0x7fe6b72938e0>\nmessage = ''\n\n    def until(self, method, message=''):\n        \"\"\"Calls the method provided with the driver as an argument until the \\\n        return value is not False.\"\"\"\n        screen = None\n        stacktrace = None\n    \n        end_time = time.time() + self._timeout\n        while True:\n            try:\n                value = method(self._driver)\n                if value:\n                    return value\n            except self._ignored_exceptions as exc:\n                screen = getattr(exc, 'screen', None)\n                stacktrace = getattr(exc, 'stacktrace', None)\n            time.sleep(self._poll)\n            if time.time() > end_time:\n                break\n>       raise TimeoutException(message, screen, stacktrace)\nE       selenium.common.exceptions.TimeoutException: Message:\n\n/opt/hostedtoolcache/Python/3.9.5/x64/lib/python3.9/site-packages/selenium/webdriver/support/wait.py:80: TimeoutException",
    "steps" : [ ],
    "attachments" : [ {
      "uid" : "b79b93f1e51e0b9c",
      "name" : "log",
      "source" : "b79b93f1e51e0b9c.txt",
      "type" : "text/plain",
      "size" : 344
    }, {
      "uid" : "e7ff682b12230e88",
      "name" : "stderr",
      "source" : "e7ff682b12230e88.txt",
      "type" : "text/plain",
      "size" : 215
    } ],
    "parameters" : [ ],
    "stepsCount" : 0,
    "attachmentsCount" : 2,
    "shouldDisplayMessage" : true,
    "hasContent" : true
  },
  "afterStages" : [ {
    "name" : "xunit_setup_method_fixture_Test_Conduit_Logged_In::0",
    "time" : {
      "start" : 1628679900581,
      "stop" : 1628679900643,
      "duration" : 62
    },
    "status" : "passed",
    "steps" : [ ],
    "attachments" : [ ],
    "parameters" : [ ],
    "stepsCount" : 0,
    "attachmentsCount" : 0,
    "shouldDisplayMessage" : false,
    "hasContent" : false
  } ],
  "labels" : [ {
    "name" : "parentSuite",
    "value" : "vizsgaremek"
  }, {
    "name" : "suite",
    "value" : "test_conduit_logged_in"
  }, {
    "name" : "subSuite",
    "value" : "Test_Conduit_Logged_In"
  }, {
    "name" : "host",
    "value" : "fv-az74-184"
  }, {
    "name" : "thread",
    "value" : "4421-MainThread"
  }, {
    "name" : "framework",
    "value" : "pytest"
  }, {
    "name" : "language",
    "value" : "cpython3"
  }, {
    "name" : "package",
    "value" : "vizsgaremek.test_conduit_logged_in"
  }, {
    "name" : "resultFormat",
    "value" : "allure2"
  } ],
  "parameters" : [ ],
  "links" : [ ],
  "hidden" : false,
  "retry" : false,
  "extra" : {
    "severity" : "normal",
    "retries" : [ ],
    "categories" : [ {
      "name" : "Test defects",
      "matchedStatuses" : [ ],
      "flaky" : false
    } ],
    "tags" : [ ]
  },
  "source" : "8c01f1b06c12b768.json",
  "parameterValues" : [ ]
}